\BOOKMARK [1][-]{section*.1}{Continuity and Discontinuity}{}% 1
\BOOKMARK [1][-]{section*.2}{Introduction}{}% 2
\BOOKMARK [1][-]{section*.3}{Example}{}% 3
\BOOKMARK [1][-]{section*.4}{Problems}{}% 4
\BOOKMARK [1][-]{section*.5}{Derivative}{}% 5
\BOOKMARK [2][-]{subsection*.6}{Guided Example}{section*.5}% 6
\BOOKMARK [2][-]{subsection*.7}{On Your Own}{section*.5}% 7
\BOOKMARK [2][-]{subsection*.8}{In Summary}{section*.5}% 8
\BOOKMARK [1][-]{section*.9}{Application of the Derivative: Change answers to final problem prior to rollout}{}% 9
\BOOKMARK [2][-]{subsection*.10}{The Great Molasses Flood}{section*.9}% 10
\BOOKMARK [2][-]{subsection*.11}{Marginal Profit}{section*.9}% 11
\BOOKMARK [2][-]{subsection*.12}{Dorm Room Froyo}{section*.9}% 12
\BOOKMARK [1][-]{section*.13}{Applications of Maxima - Add Question Answers}{}% 13
\BOOKMARK [2][-]{subsubsection*.14}{James' Traffic Jam}{section*.13}% 14
\BOOKMARK [3][-]{subsubsection*.15}{Julia's Tree House}{subsubsection*.14}% 15
\BOOKMARK [3][-]{subsubsection*.16}{Dylan's Lemonade Stand}{subsubsection*.14}% 16
\BOOKMARK [3][-]{subsubsection*.17}{Handmade Paper Cups}{subsubsection*.14}% 17
\BOOKMARK [1][-]{section*.18}{Mean Value Theorem}{}% 18
\BOOKMARK [1][-]{section*.19}{Introduction}{}% 19
\BOOKMARK [1][-]{section*.20}{Guided Example}{}% 20
\BOOKMARK [1][-]{section*.21}{On Your Own}{}% 21
\BOOKMARK [1][-]{section*.22}{In Summary}{}% 22
\BOOKMARK [1][-]{section*.23}{Motion}{}% 23
\BOOKMARK [1][-]{section*.24}{Introduction}{}% 24
\BOOKMARK [1][-]{section*.25}{Guided Example}{}% 25
\BOOKMARK [1][-]{section*.26}{On Your Own}{}% 26
\BOOKMARK [1][-]{section*.27}{In Summary}{}% 27
\BOOKMARK [2][-]{subsubsection*.28}{Introduction}{section*.27}% 28
\BOOKMARK [3][-]{subsubsection*.29}{Guided Example}{subsubsection*.28}% 29
\BOOKMARK [3][-]{subsubsection*.30}{On Your Own}{subsubsection*.28}% 30
\BOOKMARK [3][-]{subsubsection*.31}{In Summary}{subsubsection*.28}% 31
\BOOKMARK [1][-]{section*.32}{Reimann Sums - Obviously Incomplete}{}% 32
\BOOKMARK [2][-]{subsubsection*.33}{Introduction}{section*.32}% 33
\BOOKMARK [3][-]{subsubsection*.34}{Increasing, Concave Up}{subsubsection*.33}% 34
\BOOKMARK [3][-]{subsubsection*.35}{Decreasing, Concave Up}{subsubsection*.33}% 35
\BOOKMARK [3][-]{subsubsection*.36}{Increasing, Concave Down}{subsubsection*.33}% 36
\BOOKMARK [3][-]{subsubsection*.37}{Decreasing, Concave Down}{subsubsection*.33}% 37
\BOOKMARK [3][-]{subsubsection*.38}{In Summary}{subsubsection*.33}% 38
\BOOKMARK [1][-]{section*.39}{Newton's Methods QUESTIONS}{}% 39
\BOOKMARK [2][-]{subsubsection*.40}{Introduction}{section*.39}% 40
\BOOKMARK [3][-]{subsubsection*.41}{Guided Example}{subsubsection*.40}% 41
\BOOKMARK [3][-]{subsubsection*.42}{On Your Own}{subsubsection*.40}% 42
\BOOKMARK [3][-]{subsubsection*.43}{In Summary}{subsubsection*.40}% 43
