\BOOKMARK [1][-]{section*.1}{Intro to Ximera}{}% 1
\BOOKMARK [1][-]{section*.2}{Multiple Choice and Select All}{}% 2
\BOOKMARK [1][-]{section*.3}{Fill in the Blanks!}{}% 3
\BOOKMARK [1][-]{section*.4}{Hints}{}% 4
\BOOKMARK [1][-]{section*.5}{Desmos}{}% 5
\BOOKMARK [1][-]{section*.6}{Introduction to Sage}{}% 6
\BOOKMARK [1][-]{section*.7}{Introduction}{}% 7
\BOOKMARK [1][-]{section*.8}{Functions}{}% 8
\BOOKMARK [1][-]{section*.9}{Limits}{}% 9
\BOOKMARK [1][-]{section*.10}{Differentiation}{}% 10
\BOOKMARK [1][-]{section*.11}{Integration}{}% 11
\BOOKMARK [1][-]{section*.12}{Getting Help}{}% 12
\BOOKMARK [1][-]{section*.13}{Euler's Method}{}% 13
\BOOKMARK [1][-]{section*.14}{Introduction}{}% 14
\BOOKMARK [1][-]{section*.15}{Guided Example}{}% 15
\BOOKMARK [1][-]{section*.16}{On Your Own}{}% 16
\BOOKMARK [1][-]{section*.17}{In Summary}{}% 17
\BOOKMARK [1][-]{section*.18}{Exponentials}{}% 18
\BOOKMARK [1][-]{section*.19}{Introduction}{}% 19
\BOOKMARK [1][-]{section*.20}{Guided Example}{}% 20
\BOOKMARK [1][-]{section*.21}{On Your Own}{}% 21
\BOOKMARK [1][-]{section*.22}{A Simple Application}{}% 22
\BOOKMARK [1][-]{section*.23}{Parametric Equations}{}% 23
\BOOKMARK [1][-]{section*.24}{Introduction}{}% 24
\BOOKMARK [1][-]{section*.25}{Examining Parametric Graphs}{}% 25
\BOOKMARK [1][-]{section*.26}{On Your Own}{}% 26
\BOOKMARK [1][-]{section*.27}{Logarithms}{}% 27
\BOOKMARK [1][-]{section*.28}{Introduction}{}% 28
\BOOKMARK [1][-]{section*.29}{Examining Log Rules}{}% 29
\BOOKMARK [1][-]{section*.30}{Beyond the Basics}{}% 30
\BOOKMARK [1][-]{section*.31}{Practice with Logarithmic Differentiation}{}% 31
\BOOKMARK [1][-]{section*.32}{L'H\364pital's Rule Practice}{}% 32
\BOOKMARK [1][-]{section*.33}{Introduction}{}% 33
